<?xml version="1.0" encoding="UTF-8"?>
<!-- Generated by org.testng.reporters.JUnitReportReporter -->
<testsuite hostname="DESKTOP-P70740K" failures="0" tests="2" name="automationproject.TestNg1" time="6.887" errors="0" timestamp="22 Nov 2023 19:30:51 GMT" skipped="0">
  <testcase classname="automationproject.TestNg1" name="test" time="2.569"/>
  <testcase classname="automationproject.TestNg1" name="logout" time="4.318"/>
</testsuite> <!-- automationproject.TestNg1 -->
