<?xml version="1.0" encoding="UTF-8"?>
<!-- Generated by org.testng.reporters.JUnitReportReporter -->
<testsuite hostname="DESKTOP-P70740K" failures="0" tests="1" name="automationproject.webtable" time="7.110" errors="0" timestamp="26 Nov 2023 18:24:37 GMT" skipped="0">
  <testcase classname="automationproject.webtable" name="data" time="7.110"/>
</testsuite> <!-- automationproject.webtable -->

