<?xml version="1.0" encoding="UTF-8"?>
<!-- Generated by org.testng.reporters.JUnitReportReporter -->
<testsuite hostname="DESKTOP-P70740K" failures="0" tests="1" name="automationproject.testalert" time="2.615" errors="0" timestamp="26 Nov 2023 19:19:39 GMT" skipped="0">
  <testcase classname="automationproject.testalert" name="main" time="2.615"/>
</testsuite> <!-- automationproject.testalert -->
