<?xml version="1.0" encoding="UTF-8"?>
<!-- Generated by org.testng.reporters.JUnitReportReporter -->
<testsuite hostname="DESKTOP-P70740K" failures="0" tests="1" name="automationproject.testJSExecutor" time="14.067" errors="0" timestamp="02 Dec 2023 07:54:30 GMT" skipped="0">
  <testcase classname="automationproject.testJSExecutor" name="data" time="14.067"/>
</testsuite> <!-- automationproject.testJSExecutor -->
