<?xml version="1.0" encoding="UTF-8"?>
<!-- Generated by org.testng.reporters.JUnitReportReporter -->
<testsuite hostname="DESKTOP-P70740K" failures="0" tests="1" name="automationproject.testfrm" time="1.822" errors="0" timestamp="10 Dec 2023 14:28:02 GMT" skipped="0">
  <testcase classname="automationproject.testfrm" name="f" time="1.822"/>
</testsuite> <!-- automationproject.testfrm -->
