<?xml version="1.0" encoding="UTF-8"?>
<!-- Generated by org.testng.reporters.JUnitReportReporter -->
<testsuite hostname="DESKTOP-P70740K" failures="0" tests="5" name="automationproject.TestNG" time="0.015" errors="0" timestamp="22 Nov 2023 18:31:34 GMT" skipped="1">
  <testcase classname="automationproject.TestNG" name="navigate" time="0.010"/>
  <testcase classname="automationproject.TestNG" name="login" time="0.002"/>
  <testcase classname="automationproject.TestNG" name="sendreports" time="0.001"/>
  <testcase classname="automationproject.TestNG" name="logout" time="0.002"/>
  <testcase classname="automationproject.TestNG" name="register">
    <skipped/>
  </testcase> <!-- register -->
</testsuite> <!-- automationproject.TestNG -->
