<?xml version="1.0" encoding="UTF-8"?>
<!-- Generated by org.testng.reporters.JUnitReportReporter -->
<testsuite hostname="DESKTOP-P70740K" failures="0" tests="1" name="automationproject.testapachewebdriver" time="14.996" errors="0" timestamp="05 Dec 2023 12:43:15 GMT" skipped="0">
  <testcase classname="automationproject.testapachewebdriver" name="f" time="14.996"/>
</testsuite> <!-- automationproject.testapachewebdriver -->
