<?xml version="1.0" encoding="UTF-8"?>
<!-- Generated by org.testng.reporters.JUnitReportReporter -->
<testsuite hostname="DESKTOP-P70740K" failures="0" tests="1" name="automationproject.testmodular" time="41.441" errors="0" timestamp="21 Dec 2023 06:56:40 GMT" skipped="0">
  <testcase classname="automationproject.testmodular" name="test" time="41.441"/>
</testsuite> <!-- automationproject.testmodular -->
