<?xml version="1.0" encoding="UTF-8"?>
<!-- Generated by org.testng.reporters.JUnitReportReporter -->
<testsuite hostname="DESKTOP-P70740K" failures="0" tests="1" name="automationproject.testdatepicker" time="0.715" errors="0" timestamp="02 Dec 2023 13:30:34 GMT" skipped="0">
  <testcase classname="automationproject.testdatepicker" name="f" time="0.715"/>
</testsuite> <!-- automationproject.testdatepicker -->
