<?xml version="1.0" encoding="UTF-8"?>
<!-- Generated by org.testng.reporters.JUnitReportReporter -->
<testsuite hostname="DESKTOP-P70740K" failures="0" tests="1" name="automationproject.testautomationframe" time="120.960" errors="0" timestamp="26 Dec 2023 10:20:26 GMT" skipped="0">
  <testcase classname="automationproject.testautomationframe" name="login" time="120.960"/>
</testsuite> <!-- automationproject.testautomationframe -->
