<?xml version="1.0" encoding="UTF-8"?>
<!-- Generated by org.testng.reporters.JUnitReportReporter -->
<testsuite hostname="DESKTOP-P70740K" failures="0" tests="1" name="automationproject.testaction" time="0.845" errors="0" timestamp="10 Dec 2023 14:19:38 GMT" skipped="0">
  <testcase classname="automationproject.testaction" name="data" time="0.845"/>
</testsuite> <!-- automationproject.testaction -->
